<?xml version="1.0" encoding="UTF-8"?>
<!-- Generated by org.testng.reporters.JUnitReportReporter -->
<testsuite hostname="LAPTOP-35LO5QB1" failures="0" tests="4" name="com.example.seleniumtest.LoginTest" time="6.030" errors="0" timestamp="2025-06-23T00:51:54 IST" skipped="0">
  <testcase classname="com.example.seleniumtest.LoginTest" name="noPassword" time="1.407"/>
  <testcase classname="com.example.seleniumtest.LoginTest" name="noUsername" time="1.313"/>
  <testcase classname="com.example.seleniumtest.LoginTest" name="invalidLogin" time="1.369"/>
  <testcase classname="com.example.seleniumtest.LoginTest" name="validLogin" time="1.941"/>
</testsuite> <!-- com.example.seleniumtest.LoginTest -->
